<?xml version="1.0" encoding="UTF-8"?>
<!-- Generated by org.testng.reporters.JUnitReportReporter -->
<testsuite hostname="DESKTOP-RLLAE9J" failures="0" tests="3" name="com.toolsqa.SingleDependentTestMethods" time="0.012" errors="0" timestamp="2024-09-08T01:44:03 WIB" skipped="0">
  <testcase classname="com.toolsqa.SingleDependentTestMethods" name="SignIn" time="0.004"/>
  <system-out/>
  <testcase classname="com.toolsqa.SingleDependentTestMethods" name="LogOut" time="0.004"/>
  <system-out/>
  <testcase classname="com.toolsqa.SingleDependentTestMethods" name="OpenBrowser" time="0.004"/>
  <system-out/>
</testsuite> <!-- com.toolsqa.SingleDependentTestMethods -->
