<?xml version="1.0" encoding="UTF-8"?>
<!-- Generated by org.testng.reporters.JUnitReportReporter -->
<testsuite hostname="DESKTOP-RLLAE9J" failures="0" tests="3" name="com.toolsqa.GroupDependentTestMethods" time="0.020" errors="0" timestamp="2024-09-08T01:44:03 WIB" skipped="0">
  <testcase classname="com.toolsqa.GroupDependentTestMethods" name="OpenBrowser" time="0.002"/>
  <system-out/>
  <testcase classname="com.toolsqa.GroupDependentTestMethods" name="ViewAcc" time="0.015"/>
  <system-out/>
  <testcase classname="com.toolsqa.GroupDependentTestMethods" name="LogIn" time="0.003"/>
  <system-out/>
</testsuite> <!-- com.toolsqa.GroupDependentTestMethods -->
