<?xml version="1.0" encoding="UTF-8"?>
<!-- Generated by org.testng.reporters.JUnitReportReporter -->
<testsuite hostname="JOHAN-NB" failures="0" tests="3" name="com.javatpoint.annotations.Time_out" time="0.215" errors="1" timestamp="2024-09-08T11:13:03 WIB" skipped="0">
  <testcase classname="com.javatpoint.annotations.Time_out" name="testcase2" time="0.001"/>
  <testcase classname="com.javatpoint.annotations.Time_out" name="testcase1" time="0.213">
    <error message="Method com.javatpoint.annotations.Time_out.testcase1() didn&#039;t finish within the time-out 200" type="org.testng.internal.thread.ThreadTimeoutException">
      <![CDATA[org.testng.internal.thread.ThreadTimeoutException: Method com.javatpoint.annotations.Time_out.testcase1() didn't finish within the time-out 200
at java.base/java.lang.Thread.sleepNanos0(Native Method)
at java.base/java.lang.Thread.sleepNanos(Thread.java:491)
at java.base/java.lang.Thread.sleep(Thread.java:522)
at com.javatpoint.annotations.Time_out.testcase1(Time_out.java:9)
at java.base/jdk.internal.reflect.DirectMethodHandleAccessor.invoke(DirectMethodHandleAccessor.java:103)
at java.base/java.lang.reflect.Method.invoke(Method.java:580)
at org.testng.internal.invokers.MethodInvocationHelper.invokeMethod(MethodInvocationHelper.java:141)
at org.testng.internal.invokers.InvokeMethodRunnable.runOne(InvokeMethodRunnable.java:47)
at org.testng.internal.invokers.InvokeMethodRunnable.call(InvokeMethodRunnable.java:76)
at org.testng.internal.invokers.InvokeMethodRunnable.call(InvokeMethodRunnable.java:11)
at java.base/java.util.concurrent.FutureTask.run(FutureTask.java:317)
at java.base/java.util.concurrent.ThreadPoolExecutor.runWorker(ThreadPoolExecutor.java:1144)
at java.base/java.util.concurrent.ThreadPoolExecutor$Worker.run(ThreadPoolExecutor.java:642)
at java.base/java.lang.Thread.run(Thread.java:1570)
]]>
    </error>
  </testcase> <!-- testcase1 -->
  <testcase classname="com.javatpoint.annotations.Time_out" name="testcase3" time="0.001"/>
</testsuite> <!-- com.javatpoint.annotations.Time_out -->
