<?xml version="1.0" encoding="UTF-8"?>
<!-- Generated by org.testng.reporters.JUnitReportReporter -->
<testsuite hostname="JOHAN-NB" failures="0" tests="2" name="com.javatpoint.beforeClass.Class2" time="0.004" errors="0" timestamp="2024-09-05T16:30:08 WIB" skipped="0">
  <testcase classname="com.javatpoint.beforeClass.Class2" name="testcase4" time="0.002"/>
  <system-out/>
  <testcase classname="com.javatpoint.beforeClass.Class2" name="testcase3" time="0.002"/>
  <system-out/>
</testsuite> <!-- com.javatpoint.beforeClass.Class2 -->
