<?xml version="1.0" encoding="UTF-8"?>
<!-- Generated by org.testng.reporters.JUnitReportReporter -->
<testsuite hostname="JOHAN-NB" failures="0" tests="3" name="com.toolsqa.GroupDependentTestMethods" time="0.012" errors="0" timestamp="2024-09-05T17:44:35 WIB" skipped="0">
  <testcase classname="com.toolsqa.GroupDependentTestMethods" name="OpenBrowser" time="0.001"/>
  <system-out/>
  <testcase classname="com.toolsqa.GroupDependentTestMethods" name="LogIn" time="0.010"/>
  <system-out/>
  <testcase classname="com.toolsqa.GroupDependentTestMethods" name="ViewAcc" time="0.001"/>
  <system-out/>
</testsuite> <!-- com.toolsqa.GroupDependentTestMethods -->
