<?xml version="1.0" encoding="UTF-8"?>
<!-- Generated by org.testng.reporters.JUnitReportReporter -->
<testsuite hostname="JOHAN-NB" failures="0" tests="1" name="com.toolsqa.TestNG" time="4.510" errors="0" timestamp="2024-09-05T17:07:54 WIB" skipped="0">
  <testcase classname="com.toolsqa.TestNG" name="f" time="4.510"/>
  <system-out/>
</testsuite> <!-- com.toolsqa.TestNG -->
