<?xml version="1.0" encoding="UTF-8"?>
<!-- Generated by org.testng.reporters.JUnitReportReporter -->
<testsuite hostname="DESKTOP-RLLAE9J" failures="0" tests="3" name="com.javatpoint.afterMethod.After_Methods" time="0.012" errors="0" timestamp="2024-09-08T01:44:03 WIB" skipped="0">
  <testcase classname="com.javatpoint.afterMethod.After_Methods" name="c_programmers" time="0.001"/>
  <system-out/>
  <testcase classname="com.javatpoint.afterMethod.After_Methods" name="java_programmers" time="0.003"/>
  <system-out/>
  <testcase classname="com.javatpoint.afterMethod.After_Methods" name="dotnet_developer" time="0.008"/>
  <system-out/>
</testsuite> <!-- com.javatpoint.afterMethod.After_Methods -->
