<?xml version="1.0" encoding="UTF-8"?>
<!-- Generated by org.testng.reporters.JUnitReportReporter -->
<testsuite hostname="JOHAN-NB" failures="0" tests="3" name="com.javatpoint.annotations.Priority" time="0.004" errors="0" timestamp="2024-09-05T16:30:08 WIB" skipped="0">
  <testcase classname="com.javatpoint.annotations.Priority" name="mango" time="0.001"/>
  <system-out/>
  <testcase classname="com.javatpoint.annotations.Priority" name="watermelon" time="0.001"/>
  <system-out/>
  <testcase classname="com.javatpoint.annotations.Priority" name="apple" time="0.002"/>
  <system-out/>
</testsuite> <!-- com.javatpoint.annotations.Priority -->
