<?xml version="1.0" encoding="UTF-8"?>
<!-- Generated by org.testng.reporters.JUnitReportReporter -->
<testsuite hostname="DESKTOP-RLLAE9J" failures="0" tests="4" name="com.javatpoint.afterClass.Class2" time="0.044" errors="0" timestamp="2024-09-08T01:44:03 WIB" skipped="0">
  <testcase classname="com.javatpoint.afterClass.Class2" name="testcase2" time="0.002"/>
  <system-out/>
  <testcase classname="com.javatpoint.afterClass.Class2" name="testcase3" time="0.013"/>
  <system-out/>
  <testcase classname="com.javatpoint.afterClass.Class2" name="testcase1" time="0.028"/>
  <system-out/>
  <testcase classname="com.javatpoint.afterClass.Class2" name="testcase4" time="0.001"/>
  <system-out/>
</testsuite> <!-- com.javatpoint.afterClass.Class2 -->
