<?xml version="1.0" encoding="UTF-8"?>
<!-- Generated by org.testng.reporters.JUnitReportReporter -->
<testsuite hostname="DESKTOP-RLLAE9J" failures="0" tests="1" name="com.toolsqa.GetBrowserTitle" time="6.947" errors="0" timestamp="2024-09-08T01:44:03 WIB" skipped="0">
  <testcase classname="com.toolsqa.GetBrowserTitle" name="f" time="6.947"/>
  <system-out/>
</testsuite> <!-- com.toolsqa.GetBrowserTitle -->
