<?xml version="1.0" encoding="UTF-8"?>
<!-- Generated by org.testng.reporters.JUnitReportReporter -->
<testsuite hostname="JOHAN-NB" failures="0" tests="1" name="com.javatpoint.Car_loan" time="0.007" errors="0" timestamp="2024-09-04T08:08:38 WIB" skipped="0">
  <testcase classname="com.javatpoint.Car_loan" name="car_loan" time="0.007"/>
  <system-out/>
</testsuite> <!-- com.javatpoint.Car_loan -->
