<?xml version="1.0" encoding="UTF-8"?>
<!-- Generated by org.testng.reporters.JUnitReportReporter -->
<testsuite hostname="JOHAN-NB" failures="0" tests="1" name="com.javatpoint.beforeSuite.Personal_loan" time="0.001" errors="0" timestamp="2024-09-04T17:05:48 WIB" skipped="0">
  <testcase classname="com.javatpoint.beforeSuite.Personal_loan" name="personal_loan" time="0.001"/>
  <system-out/>
</testsuite> <!-- com.javatpoint.beforeSuite.Personal_loan -->
