<?xml version="1.0" encoding="UTF-8"?>
<!-- Generated by org.testng.reporters.JUnitReportReporter -->
<testsuite hostname="JOHAN-NB" failures="0" tests="1" name="futureTech9ExtentReport.FailedTestsReport" time="0.552" errors="0" timestamp="2024-09-13T01:47:44 WIB" skipped="0">
  <testcase classname="futureTech9ExtentReport.FailedTestsReport" name="ReportofFailedTest" time="0.552"/>
</testsuite> <!-- futureTech9ExtentReport.FailedTestsReport -->
