<?xml version="1.0" encoding="UTF-8"?>
<!-- Generated by org.testng.reporters.JUnitReportReporter -->
<testsuite hostname="DESKTOP-RLLAE9J" failures="0" tests="2" name="com.toolsqa.DataProviderExample" time="0.008" errors="0" timestamp="2024-09-08T01:44:03 WIB" skipped="0">
  <testcase classname="com.toolsqa.DataProviderExample" name="myTest" time="0.002"/>
  <system-out/>
  <testcase classname="com.toolsqa.DataProviderExample" name="myTest" time="0.006"/>
  <system-out/>
</testsuite> <!-- com.toolsqa.DataProviderExample -->
