<?xml version="1.0" encoding="UTF-8"?>
<!-- Generated by org.testng.reporters.JUnitReportReporter -->
<testsuite hostname="JOHAN-NB" failures="0" tests="3" name="com.javatpoint.annotations.Depend_On_Methods" time="0.010" errors="0" timestamp="2024-09-05T16:30:08 WIB" skipped="0">
  <testcase classname="com.javatpoint.annotations.Depend_On_Methods" name="WebStudentLogin" time="0.002"/>
  <system-out/>
  <testcase classname="com.javatpoint.annotations.Depend_On_Methods" name="MobileStudentLogin" time="0.003"/>
  <system-out/>
  <testcase classname="com.javatpoint.annotations.Depend_On_Methods" name="APIStudentLogin" time="0.005"/>
  <system-out/>
</testsuite> <!-- com.javatpoint.annotations.Depend_On_Methods -->
