<?xml version="1.0" encoding="UTF-8"?>
<!-- Generated by org.testng.reporters.JUnitReportReporter -->
<testsuite hostname="DESKTOP-RLLAE9J" failures="0" tests="2" name="com.javatpoint.Listener.Testcases" time="0.003" errors="0" timestamp="2024-09-08T01:44:03 WIB" skipped="0">
  <testcase classname="com.javatpoint.Listener.Testcases" name="testtofail" time="0.002"/>
  <system-out/>
  <testcase classname="com.javatpoint.Listener.Testcases" name="testtopass" time="0.001"/>
  <system-out/>
</testsuite> <!-- com.javatpoint.Listener.Testcases -->
