<?xml version="1.0" encoding="UTF-8"?>
<!-- Generated by org.testng.reporters.JUnitReportReporter -->
<testsuite hostname="JOHAN-NB" failures="0" tests="2" name="com.javatpoint.beforeClass.Class1" time="0.008" errors="0" timestamp="2024-09-06T13:11:13 WIB" skipped="0">
  <testcase classname="com.javatpoint.beforeClass.Class1" name="testcase2" time="0.001"/>
  <system-out/>
  <testcase classname="com.javatpoint.beforeClass.Class1" name="testcase1" time="0.007"/>
  <system-out/>
</testsuite> <!-- com.javatpoint.beforeClass.Class1 -->
