<?xml version="1.0" encoding="UTF-8"?>
<!-- Generated by org.testng.reporters.JUnitReportReporter -->
<testsuite hostname="JOHAN-NB" failures="0" tests="1" name="com.javatpoint.beforeSuite.Home_loan" time="0.002" errors="0" timestamp="2024-09-05T16:30:08 WIB" skipped="0">
  <testcase classname="com.javatpoint.beforeSuite.Home_loan" name="home_loan" time="0.002"/>
  <system-out/>
</testsuite> <!-- com.javatpoint.beforeSuite.Home_loan -->
