<?xml version="1.0" encoding="UTF-8"?>
<!-- Generated by org.testng.reporters.JUnitReportReporter -->
<testsuite hostname="JOHAN-NB" failures="0" tests="3" name="com.toolsqa.MultipleDependentTestMethods" time="0.013" errors="0" timestamp="2024-09-05T17:42:25 WIB" skipped="0">
  <testcase classname="com.toolsqa.MultipleDependentTestMethods" name="LogOut" time="0.001"/>
  <system-out/>
  <testcase classname="com.toolsqa.MultipleDependentTestMethods" name="SignIn" time="0.002"/>
  <system-out/>
  <testcase classname="com.toolsqa.MultipleDependentTestMethods" name="OpenBrowser" time="0.010"/>
  <system-out/>
</testsuite> <!-- com.toolsqa.MultipleDependentTestMethods -->
