<?xml version="1.0" encoding="UTF-8"?>
<!-- Generated by org.testng.reporters.JUnitReportReporter -->
<testsuite hostname="JOHAN-NB" failures="0" tests="3" name="com.javatpoint.beforeGroups.Class1" time="0.016" errors="0" timestamp="2024-09-05T13:50:45 WIB" skipped="0">
  <testcase classname="com.javatpoint.beforeGroups.Class1" name="testcase3" time="0.002"/>
  <system-out/>
  <testcase classname="com.javatpoint.beforeGroups.Class1" name="testcase1" time="0.012"/>
  <system-out/>
  <testcase classname="com.javatpoint.beforeGroups.Class1" name="testcase2" time="0.002"/>
  <system-out/>
</testsuite> <!-- com.javatpoint.beforeGroups.Class1 -->
