<?xml version="1.0" encoding="UTF-8"?>
<!-- Generated by org.testng.reporters.JUnitReportReporter -->
<testsuite hostname="DESKTOP-RLLAE9J" failures="0" tests="3" name="com.javatpoint.annotations.Priority" time="0.009" errors="0" timestamp="2024-09-08T01:44:03 WIB" skipped="0">
  <testcase classname="com.javatpoint.annotations.Priority" name="mango" time="0.005"/>
  <system-out/>
  <testcase classname="com.javatpoint.annotations.Priority" name="watermelon" time="0.002"/>
  <system-out/>
  <testcase classname="com.javatpoint.annotations.Priority" name="apple" time="0.002"/>
  <system-out/>
</testsuite> <!-- com.javatpoint.annotations.Priority -->
