<?xml version="1.0" encoding="UTF-8"?>
<!-- Generated by org.testng.reporters.JUnitReportReporter -->
<testsuite hostname="DESKTOP-RLLAE9J" failures="0" tests="1" name="com.javatpoint.afterSuite.Module2" time="0.001" errors="0" timestamp="2024-09-08T01:44:03 WIB" skipped="0">
  <testcase classname="com.javatpoint.afterSuite.Module2" name="c_test" time="0.001"/>
  <system-out/>
</testsuite> <!-- com.javatpoint.afterSuite.Module2 -->
