<?xml version="1.0" encoding="UTF-8"?>
<!-- Generated by org.testng.reporters.JUnitReportReporter -->
<testsuite hostname="JOHAN-NB" failures="0" tests="2" name="futureTech9ExtentReport.ReportUsingConfig" time="0.734" errors="0" timestamp="2024-09-12T22:16:32 WIB" skipped="0">
  <testcase classname="futureTech9ExtentReport.ReportUsingConfig" name="ExtentReportXML" time="0.128"/>
  <testcase classname="futureTech9ExtentReport.ReportUsingConfig" name="ExtentReportJSON" time="0.606"/>
</testsuite> <!-- futureTech9ExtentReport.ReportUsingConfig -->
