<?xml version="1.0" encoding="UTF-8"?>
<!-- Generated by org.testng.reporters.JUnitReportReporter -->
<testsuite hostname="JOHAN-NB" failures="0" tests="1" name="com.javatpoint.beforeSuite.Car_loan" time="0.012" errors="0" timestamp="2024-09-04T17:05:48 WIB" skipped="0">
  <testcase classname="com.javatpoint.beforeSuite.Car_loan" name="car_loan" time="0.012"/>
  <system-out/>
</testsuite> <!-- com.javatpoint.beforeSuite.Car_loan -->
