<?xml version="1.0" encoding="UTF-8"?>
<!-- Generated by org.testng.reporters.JUnitReportReporter -->
<testsuite hostname="DESKTOP-RLLAE9J" failures="0" tests="1" name="com.javatpoint.beforeSuite.Home_loan" time="0.005" errors="0" timestamp="2024-09-08T01:44:03 WIB" skipped="0">
  <testcase classname="com.javatpoint.beforeSuite.Home_loan" name="home_loan" time="0.005"/>
  <system-out/>
</testsuite> <!-- com.javatpoint.beforeSuite.Home_loan -->
