<?xml version="1.0" encoding="UTF-8"?>
<!-- Generated by org.testng.reporters.JUnitReportReporter -->
<testsuite hostname="JOHAN-NB" failures="0" tests="3" name="com.javatpoint.beforeGroups.Class1" time="0.014" errors="0" timestamp="2024-09-06T13:09:40 WIB" skipped="0">
  <testcase classname="com.javatpoint.beforeGroups.Class1" name="testcase1" time="0.011"/>
  <system-out/>
  <testcase classname="com.javatpoint.beforeGroups.Class1" name="testcase2" time="0.002"/>
  <system-out/>
  <testcase classname="com.javatpoint.beforeGroups.Class1" name="testcase3" time="0.001"/>
  <system-out/>
</testsuite> <!-- com.javatpoint.beforeGroups.Class1 -->
