<?xml version="1.0" encoding="UTF-8"?>
<!-- Generated by org.testng.reporters.JUnitReportReporter -->
<testsuite hostname="DESKTOP-RLLAE9J" failures="0" tests="3" name="com.javatpoint.annotations.Descriptions" time="0.013" errors="0" timestamp="2024-09-08T01:44:03 WIB" skipped="0">
  <testcase classname="com.javatpoint.annotations.Descriptions" name="testcase1" time="0.002"/>
  <system-out/>
  <testcase classname="com.javatpoint.annotations.Descriptions" name="testcase2" time="0.007"/>
  <system-out/>
  <testcase classname="com.javatpoint.annotations.Descriptions" name="testcase3" time="0.004"/>
  <system-out/>
</testsuite> <!-- com.javatpoint.annotations.Descriptions -->
