<?xml version="1.0" encoding="UTF-8"?>
<!-- Generated by org.testng.reporters.JUnitReportReporter -->
<testsuite hostname="JOHAN-NB" failures="0" tests="3" name="com.javatpoint.afterMethod.After_Methods" time="0.005" errors="0" timestamp="2024-09-05T16:30:08 WIB" skipped="0">
  <testcase classname="com.javatpoint.afterMethod.After_Methods" name="c_programmers" time="0.001"/>
  <system-out/>
  <testcase classname="com.javatpoint.afterMethod.After_Methods" name="dotnet_developer" time="0.001"/>
  <system-out/>
  <testcase classname="com.javatpoint.afterMethod.After_Methods" name="java_programmers" time="0.003"/>
  <system-out/>
</testsuite> <!-- com.javatpoint.afterMethod.After_Methods -->
