<?xml version="1.0" encoding="UTF-8"?>
<!-- Generated by org.testng.reporters.JUnitReportReporter -->
<testsuite hostname="DESKTOP-RLLAE9J" failures="0" tests="2" name="com.javatpoint.beforeMethod.Before_Methods" time="0.009" errors="0" timestamp="2024-09-08T01:44:03 WIB" skipped="0">
  <testcase classname="com.javatpoint.beforeMethod.Before_Methods" name="difference" time="0.003"/>
  <system-out/>
  <testcase classname="com.javatpoint.beforeMethod.Before_Methods" name="sum" time="0.006"/>
  <system-out/>
</testsuite> <!-- com.javatpoint.beforeMethod.Before_Methods -->
