<?xml version="1.0" encoding="UTF-8"?>
<!-- Generated by org.testng.reporters.JUnitReportReporter -->
<testsuite hostname="JOHAN-NB" failures="0" tests="2" name="com.toolsqa.DataProviderExample" time="0.010" errors="0" timestamp="2024-09-05T17:26:58 WIB" skipped="0">
  <testcase classname="com.toolsqa.DataProviderExample" name="myTest" time="0.001"/>
  <system-out/>
  <testcase classname="com.toolsqa.DataProviderExample" name="myTest" time="0.009"/>
  <system-out/>
</testsuite> <!-- com.toolsqa.DataProviderExample -->
