<?xml version="1.0" encoding="UTF-8"?>
<!-- Generated by org.testng.reporters.JUnitReportReporter -->
<testsuite hostname="JOHAN-NB" failures="0" tests="1" name="com.javatpoint.parameters.Multiply" time="0.001" errors="0" timestamp="2024-09-05T14:56:20 WIB" skipped="0">
  <testcase classname="com.javatpoint.parameters.Multiply" name="add" time="0.001"/>
  <system-out/>
</testsuite> <!-- com.javatpoint.parameters.Multiply -->
