<?xml version="1.0" encoding="UTF-8"?>
<!-- Generated by org.testng.reporters.JUnitReportReporter -->
<testsuite hostname="JOHAN-NB" failures="0" tests="3" name="com.javatpoint.afterClass.Class1" time="0.014" errors="0" timestamp="2024-09-05T14:05:55 WIB" skipped="0">
  <testcase classname="com.javatpoint.afterClass.Class1" name="testcase2" time="0.002"/>
  <system-out/>
  <testcase classname="com.javatpoint.afterClass.Class1" name="testcase3" time="0.002"/>
  <system-out/>
  <testcase classname="com.javatpoint.afterClass.Class1" name="testcase1" time="0.010"/>
  <system-out/>
</testsuite> <!-- com.javatpoint.afterClass.Class1 -->
