<?xml version="1.0" encoding="UTF-8"?>
<!-- Generated by org.testng.reporters.JUnitReportReporter -->
<testsuite hostname="DESKTOP-RLLAE9J" failures="0" tests="3" name="com.javatpoint.annotations.Enabled" time="0.003" errors="0" timestamp="2024-09-08T01:44:03 WIB" skipped="1">
  <testcase classname="com.javatpoint.annotations.Enabled" name="java" time="0.002"/>
  <system-out/>
  <testcase classname="com.javatpoint.annotations.Enabled" name="c_language" time="0.001"/>
  <system-out/>
  <testcase classname="com.javatpoint.annotations.Enabled" name="jira">
    <skipped/>
  </testcase> <!-- jira -->
  <system-out/>
</testsuite> <!-- com.javatpoint.annotations.Enabled -->
