<?xml version="1.0" encoding="UTF-8"?>
<!-- Generated by org.testng.reporters.JUnitReportReporter -->
<testsuite hostname="DESKTOP-RLLAE9J" failures="0" tests="2" name="com.javatpoint.afterSuite.Module1" time="0.040" errors="0" timestamp="2024-09-08T01:44:03 WIB" skipped="0">
  <testcase classname="com.javatpoint.afterSuite.Module1" name="b_test" time="0.035"/>
  <system-out/>
  <testcase classname="com.javatpoint.afterSuite.Module1" name="a_test" time="0.005"/>
  <system-out/>
</testsuite> <!-- com.javatpoint.afterSuite.Module1 -->
