<?xml version="1.0" encoding="UTF-8"?>
<!-- Generated by org.testng.reporters.JUnitReportReporter -->
<testsuite hostname="JOHAN-NB" failures="0" tests="1" name="com.javatpoint.Home_loan" time="0.001" errors="0" timestamp="2024-09-04T08:08:38 WIB" skipped="0">
  <testcase classname="com.javatpoint.Home_loan" name="home_loan" time="0.001"/>
  <system-out/>
</testsuite> <!-- com.javatpoint.Home_loan -->
