<?xml version="1.0" encoding="UTF-8"?>
<!-- Generated by org.testng.reporters.JUnitReportReporter -->
<testsuite hostname="JOHAN-NB" failures="0" tests="3" name="com.javatpoint.afterGroups.After_groups" time="0.004" errors="0" timestamp="2024-09-05T16:30:08 WIB" skipped="0">
  <testcase classname="com.javatpoint.afterGroups.After_groups" name="testcase3" time="0.001"/>
  <system-out/>
  <testcase classname="com.javatpoint.afterGroups.After_groups" name="testcase1" time="0.002"/>
  <system-out/>
  <testcase classname="com.javatpoint.afterGroups.After_groups" name="testcase2" time="0.001"/>
  <system-out/>
</testsuite> <!-- com.javatpoint.afterGroups.After_groups -->
