<?xml version="1.0" encoding="UTF-8"?>
<!-- Generated by org.testng.reporters.JUnitReportReporter -->
<testsuite hostname="JOHAN-NB" failures="0" tests="3" name="com.javatpoint.annotations.Enabled" time="0.004" errors="0" timestamp="2024-09-08T11:13:03 WIB" skipped="1">
  <testcase classname="com.javatpoint.annotations.Enabled" name="c_language" time="0.002"/>
  <testcase classname="com.javatpoint.annotations.Enabled" name="java" time="0.002"/>
  <testcase classname="com.javatpoint.annotations.Enabled" name="jira">
    <skipped/>
  </testcase> <!-- jira -->
</testsuite> <!-- com.javatpoint.annotations.Enabled -->
