<?xml version="1.0" encoding="UTF-8"?>
<!-- Generated by org.testng.reporters.JUnitReportReporter -->
<testsuite hostname="DESKTOP-RLLAE9J" failures="0" tests="2" name="com.javatpoint.beforeClass.Class1" time="0.013" errors="0" timestamp="2024-09-08T01:44:03 WIB" skipped="0">
  <testcase classname="com.javatpoint.beforeClass.Class1" name="testcase1" time="0.009"/>
  <system-out/>
  <testcase classname="com.javatpoint.beforeClass.Class1" name="testcase2" time="0.004"/>
  <system-out/>
</testsuite> <!-- com.javatpoint.beforeClass.Class1 -->
