<?xml version="1.0" encoding="UTF-8"?>
<!-- Generated by org.testng.reporters.JUnitReportReporter -->
<testsuite hostname="JOHAN-NB" failures="0" tests="2" name="sequenceTestNG" time="0.009" errors="0" timestamp="2024-09-03T17:54:04 WIB" skipped="0">
  <testcase classname="sequenceTestNG" name="runningTest2" time="0.002"/>
  <system-out/>
  <testcase classname="sequenceTestNG" name="runningTest1" time="0.007"/>
  <system-out/>
</testsuite> <!-- sequenceTestNG -->
