<?xml version="1.0" encoding="UTF-8"?>
<!-- Generated by org.testng.reporters.JUnitReportReporter -->
<testsuite hostname="JOHAN-NB" failures="0" tests="2" name="com.javatpoint.beforeMethod.Before_Methods" time="0.015" errors="0" timestamp="2024-09-05T13:28:12 WIB" skipped="0">
  <testcase classname="com.javatpoint.beforeMethod.Before_Methods" name="sum" time="0.001"/>
  <system-out/>
  <testcase classname="com.javatpoint.beforeMethod.Before_Methods" name="difference" time="0.014"/>
  <system-out/>
</testsuite> <!-- com.javatpoint.beforeMethod.Before_Methods -->
