<?xml version="1.0" encoding="UTF-8"?>
<!-- Generated by org.testng.reporters.JUnitReportReporter -->
<testsuite hostname="JOHAN-NB" failures="0" tests="2" name="com.javatpoint.afterSuite.Module1" time="0.013" errors="0" timestamp="2024-09-04T17:04:53 WIB" skipped="0">
  <testcase classname="com.javatpoint.afterSuite.Module1" name="b_test" time="0.001"/>
  <system-out/>
  <testcase classname="com.javatpoint.afterSuite.Module1" name="a_test" time="0.012"/>
  <system-out/>
</testsuite> <!-- com.javatpoint.afterSuite.Module1 -->
