<?xml version="1.0" encoding="UTF-8"?>
<!-- Generated by org.testng.reporters.JUnitReportReporter -->
<testsuite hostname="JOHAN-NB" failures="0" tests="1" name="futureTech9ExtentReport.RegistrationTest" time="0.024" errors="0" timestamp="2024-09-13T02:26:57 WIB" skipped="0">
  <testcase classname="futureTech9ExtentReport.RegistrationTest" name="RegisTest" time="0.024"/>
</testsuite> <!-- futureTech9ExtentReport.RegistrationTest -->
