<?xml version="1.0" encoding="UTF-8"?>
<!-- Generated by org.testng.reporters.JUnitReportReporter -->
<testsuite hostname="JOHAN-NB" failures="0" tests="1" name="futureTech9ExtentReport.SampleExtentReport" time="0.720" errors="0" timestamp="2024-09-12T21:56:31 WIB" skipped="0">
  <testcase classname="futureTech9ExtentReport.SampleExtentReport" name="ExtentReport" time="0.720"/>
</testsuite> <!-- futureTech9ExtentReport.SampleExtentReport -->
