<?xml version="1.0" encoding="UTF-8"?>
<!-- Generated by org.testng.reporters.JUnitReportReporter -->
<testsuite hostname="DESKTOP-RLLAE9J" failures="0" tests="3" name="com.javatpoint.afterGroups.After_groups" time="0.020" errors="0" timestamp="2024-09-08T01:44:03 WIB" skipped="0">
  <testcase classname="com.javatpoint.afterGroups.After_groups" name="testcase3" time="0.004"/>
  <system-out/>
  <testcase classname="com.javatpoint.afterGroups.After_groups" name="testcase1" time="0.011"/>
  <system-out/>
  <testcase classname="com.javatpoint.afterGroups.After_groups" name="testcase2" time="0.005"/>
  <system-out/>
</testsuite> <!-- com.javatpoint.afterGroups.After_groups -->
