<?xml version="1.0" encoding="UTF-8"?>
<!-- Generated by org.testng.reporters.JUnitReportReporter -->
<testsuite hostname="JOHAN-NB" failures="0" tests="2" name="com.javatpoint.beforeClass.Class2" time="0.011" errors="0" timestamp="2024-09-06T14:38:22 WIB" skipped="0">
  <testcase classname="com.javatpoint.beforeClass.Class2" name="testcase3" time="0.008"/>
  <system-out/>
  <testcase classname="com.javatpoint.beforeClass.Class2" name="testcase4" time="0.003"/>
  <system-out/>
</testsuite> <!-- com.javatpoint.beforeClass.Class2 -->
