<?xml version="1.0" encoding="UTF-8"?>
<!-- Generated by org.testng.reporters.JUnitReportReporter -->
<testsuite hostname="DESKTOP-RLLAE9J" failures="0" tests="3" name="com.javatpoint.annotations.Depend_On_Methods" time="0.021" errors="0" timestamp="2024-09-08T01:44:03 WIB" skipped="0">
  <testcase classname="com.javatpoint.annotations.Depend_On_Methods" name="MobileStudentLogin" time="0.003"/>
  <system-out/>
  <testcase classname="com.javatpoint.annotations.Depend_On_Methods" name="WebStudentLogin" time="0.012"/>
  <system-out/>
  <testcase classname="com.javatpoint.annotations.Depend_On_Methods" name="APIStudentLogin" time="0.006"/>
  <system-out/>
</testsuite> <!-- com.javatpoint.annotations.Depend_On_Methods -->
