<?xml version="1.0" encoding="UTF-8"?>
<!-- Generated by org.testng.reporters.JUnitReportReporter -->
<testsuite hostname="JOHAN-NB" failures="0" tests="2" name="com.javatpoint.Listener.Testcases" time="0.015" errors="0" timestamp="2024-09-05T16:30:08 WIB" skipped="0">
  <testcase classname="com.javatpoint.Listener.Testcases" name="testtopass" time="0.002"/>
  <system-out/>
  <testcase classname="com.javatpoint.Listener.Testcases" name="testtofail" time="0.013"/>
  <system-out/>
</testsuite> <!-- com.javatpoint.Listener.Testcases -->
