<?xml version="1.0" encoding="UTF-8"?>
<!-- Generated by org.testng.reporters.JUnitReportReporter -->
<testsuite hostname="DESKTOP-RLLAE9J" failures="0" tests="3" name="com.javatpoint.beforeTest.it_department" time="0.010" errors="0" timestamp="2024-09-08T01:44:03 WIB" skipped="0">
  <testcase classname="com.javatpoint.beforeTest.it_department" name="qa_analyst" time="0.001"/>
  <system-out/>
  <testcase classname="com.javatpoint.beforeTest.it_department" name="software_testers" time="0.007"/>
  <system-out/>
  <testcase classname="com.javatpoint.beforeTest.it_department" name="software_developers" time="0.002"/>
  <system-out/>
</testsuite> <!-- com.javatpoint.beforeTest.it_department -->
