<?xml version="1.0" encoding="UTF-8"?>
<!-- Generated by org.testng.reporters.JUnitReportReporter -->
<testsuite hostname="JOHAN-NB" failures="0" tests="3" name="com.toolsqa.SingleDependentTestMethods" time="0.013" errors="0" timestamp="2024-09-05T17:39:58 WIB" skipped="0">
  <testcase classname="com.toolsqa.SingleDependentTestMethods" name="SignIn" time="0.001"/>
  <system-out/>
  <testcase classname="com.toolsqa.SingleDependentTestMethods" name="OpenBrowser" time="0.011"/>
  <system-out/>
  <testcase classname="com.toolsqa.SingleDependentTestMethods" name="LogOut" time="0.001"/>
  <system-out/>
</testsuite> <!-- com.toolsqa.SingleDependentTestMethods -->
