<?xml version="1.0" encoding="UTF-8"?>
<!-- Generated by org.testng.reporters.JUnitReportReporter -->
<testsuite hostname="DESKTOP-RLLAE9J" failures="0" tests="3" name="com.javatpoint.beforeGroups.Class1" time="0.023" errors="0" timestamp="2024-09-08T01:44:03 WIB" skipped="0">
  <testcase classname="com.javatpoint.beforeGroups.Class1" name="testcase2" time="0.015"/>
  <system-out/>
  <testcase classname="com.javatpoint.beforeGroups.Class1" name="testcase3" time="0.005"/>
  <system-out/>
  <testcase classname="com.javatpoint.beforeGroups.Class1" name="testcase1" time="0.003"/>
  <system-out/>
</testsuite> <!-- com.javatpoint.beforeGroups.Class1 -->
