<?xml version="1.0" encoding="UTF-8"?>
<!-- Generated by org.testng.reporters.JUnitReportReporter -->
<testsuite hostname="DESKTOP-RLLAE9J" failures="0" tests="3" name="com.javatpoint.beforeTest.hr_department" time="0.014" errors="0" timestamp="2024-09-08T01:44:03 WIB" skipped="0">
  <testcase classname="com.javatpoint.beforeTest.hr_department" name="counsellor" time="0.002"/>
  <system-out/>
  <testcase classname="com.javatpoint.beforeTest.hr_department" name="manager" time="0.002"/>
  <system-out/>
  <testcase classname="com.javatpoint.beforeTest.hr_department" name="hr" time="0.010"/>
  <system-out/>
</testsuite> <!-- com.javatpoint.beforeTest.hr_department -->
