<?xml version="1.0" encoding="UTF-8"?>
<!-- Generated by org.testng.reporters.JUnitReportReporter -->
<testsuite hostname="JOHAN-NB" failures="0" tests="4" name="com.javatpoint.afterClass.Class2" time="0.009" errors="0" timestamp="2024-09-08T11:22:59 WIB" skipped="0">
  <testcase classname="com.javatpoint.afterClass.Class2" name="testcase1" time="0.001"/>
  <testcase classname="com.javatpoint.afterClass.Class2" name="testcase4" time="0.002"/>
  <testcase classname="com.javatpoint.afterClass.Class2" name="testcase3" time="0.001"/>
  <testcase classname="com.javatpoint.afterClass.Class2" name="testcase2" time="0.005"/>
</testsuite> <!-- com.javatpoint.afterClass.Class2 -->
