<?xml version="1.0" encoding="UTF-8"?>
<!-- Generated by org.testng.reporters.JUnitReportReporter -->
<testsuite hostname="DESKTOP-RLLAE9J" failures="0" tests="2" name="sequenceTestNG" time="0.008" errors="0" timestamp="2024-09-08T01:44:03 WIB" skipped="0">
  <testcase classname="sequenceTestNG" name="runningTest2" time="0.005"/>
  <system-out/>
  <testcase classname="sequenceTestNG" name="runningTest1" time="0.003"/>
  <system-out/>
</testsuite> <!-- sequenceTestNG -->
