<?xml version="1.0" encoding="UTF-8"?>
<!-- Generated by org.testng.reporters.JUnitReportReporter -->
<testsuite hostname="JOHAN-NB" failures="0" tests="1" name="smpleTest" time="0.016" errors="0" timestamp="2024-09-02T21:23:32 WIB" skipped="0">
  <testcase classname="smpleTest" name="runningTest1" time="0.016"/>
  <system-out/>
</testsuite> <!-- smpleTest -->
