<?xml version="1.0" encoding="UTF-8"?>
<!-- Generated by org.testng.reporters.JUnitReportReporter -->
<testsuite hostname="JOHAN-NB" failures="0" tests="1" name="toolsqa.TestNG" time="3.883" errors="0" timestamp="2024-09-05T17:02:19 WIB" skipped="0">
  <testcase classname="toolsqa.TestNG" name="f" time="3.883"/>
  <system-out/>
</testsuite> <!-- toolsqa.TestNG -->
