<?xml version="1.0" encoding="UTF-8"?>
<!-- Generated by org.testng.reporters.JUnitReportReporter -->
<testsuite hostname="JOHAN-NB" failures="0" tests="3" name="com.javatpoint.beforeTest.hr_department" time="0.012" errors="0" timestamp="2024-09-05T16:30:08 WIB" skipped="0">
  <testcase classname="com.javatpoint.beforeTest.hr_department" name="hr" time="0.003"/>
  <system-out/>
  <testcase classname="com.javatpoint.beforeTest.hr_department" name="manager" time="0.006"/>
  <system-out/>
  <testcase classname="com.javatpoint.beforeTest.hr_department" name="counsellor" time="0.003"/>
  <system-out/>
</testsuite> <!-- com.javatpoint.beforeTest.hr_department -->
