<?xml version="1.0" encoding="UTF-8"?>
<!-- Generated by org.testng.reporters.JUnitReportReporter -->
<testsuite hostname="JOHAN-NB" failures="0" tests="4" name="futureTech9SkippingTest.SkippingExample" time="0.017" errors="0" timestamp="2024-09-08T17:24:52 WIB" skipped="2">
  <testcase classname="futureTech9SkippingTest.SkippingExample" name="testFour" time="0.015"/>
  <testcase classname="futureTech9SkippingTest.SkippingExample" name="testOne" time="0.001"/>
  <testcase classname="futureTech9SkippingTest.SkippingExample" name="testThree" time="0.001">
    <skipped/>
  </testcase> <!-- testThree -->
  <testcase classname="futureTech9SkippingTest.SkippingExample" name="testTwo">
    <skipped/>
  </testcase> <!-- testTwo -->
</testsuite> <!-- futureTech9SkippingTest.SkippingExample -->
