<?xml version="1.0" encoding="UTF-8"?>
<!-- Generated by org.testng.reporters.JUnitReportReporter -->
<testsuite hostname="JOHAN-NB" failures="0" tests="1" name="com.javatpoint.parameters.Subtract" time="0.002" errors="0" timestamp="2024-09-05T14:56:20 WIB" skipped="0">
  <testcase classname="com.javatpoint.parameters.Subtract" name="add" time="0.002"/>
  <system-out/>
</testsuite> <!-- com.javatpoint.parameters.Subtract -->
