<?xml version="1.0" encoding="UTF-8"?>
<!-- Generated by org.testng.reporters.JUnitReportReporter -->
<testsuite hostname="JOHAN-NB" failures="0" tests="1" name="com.javatpoint.afterTest.Recurring_deposit" time="0.017" errors="0" timestamp="2024-09-05T09:38:03 WIB" skipped="0">
  <testcase classname="com.javatpoint.afterTest.Recurring_deposit" name="recurring_deposit" time="0.017"/>
  <system-out/>
</testsuite> <!-- com.javatpoint.afterTest.Recurring_deposit -->
