<?xml version="1.0" encoding="UTF-8"?>
<!-- Generated by org.testng.reporters.JUnitReportReporter -->
<testsuite hostname="DESKTOP-RLLAE9J" failures="0" tests="1" name="com.javatpoint.beforeSuite.Personal_loan" time="0.002" errors="0" timestamp="2024-09-08T01:44:03 WIB" skipped="0">
  <testcase classname="com.javatpoint.beforeSuite.Personal_loan" name="personal_loan" time="0.002"/>
  <system-out/>
</testsuite> <!-- com.javatpoint.beforeSuite.Personal_loan -->
