<?xml version="1.0" encoding="UTF-8"?>
<!-- Generated by org.testng.reporters.JUnitReportReporter -->
<testsuite hostname="DESKTOP-RLLAE9J" failures="0" tests="3" name="com.javatpoint.annotations.Groups" time="0.007" errors="0" timestamp="2024-09-08T01:44:03 WIB" skipped="0">
  <testcase classname="com.javatpoint.annotations.Groups" name="wipro" time="0.002"/>
  <system-out/>
  <testcase classname="com.javatpoint.annotations.Groups" name="infosys" time="0.001"/>
  <system-out/>
  <testcase classname="com.javatpoint.annotations.Groups" name="technip" time="0.004"/>
  <system-out/>
</testsuite> <!-- com.javatpoint.annotations.Groups -->
