<?xml version="1.0" encoding="UTF-8"?>
<!-- Generated by org.testng.reporters.JUnitReportReporter -->
<testsuite hostname="JOHAN-NB" failures="0" tests="1" name="com.javatpoint.afterSuite.Module2" time="0.002" errors="0" timestamp="2024-09-04T17:04:53 WIB" skipped="0">
  <testcase classname="com.javatpoint.afterSuite.Module2" name="c_test" time="0.002"/>
  <system-out/>
</testsuite> <!-- com.javatpoint.afterSuite.Module2 -->
